2018-09-06T01:35:58-04:00 CRITICAL Uncaught Error: Cannot use string offset as an array in /home/wingpare/public_html/wp-content/themes/template/functions.php:378
Stack trace:
#0 /home/wingpare/public_html/wp-includes/class-wp-hook.php(286): process_post('')
#1 /home/wingpare/public_html/wp-includes/class-wp-hook.php(310): WP_Hook->apply_filters(NULL, Array)
#2 /home/wingpare/public_html/wp-includes/plugin.php(453): WP_Hook->do_action(Array)
#3 /home/wingpare/public_html/wp-settings.php(450): do_action('init')
#4 /home/wingpare/public_html/wp-config.php(89): require_once('/home/wingpare/...')
#5 /home/wingpare/public_html/wp-load.php(37): require_once('/home/wingpare/...')
#6 /home/wingpare/public_html/wp-blog-header.php(13): require_once('/home/wingpare/...')
#7 /home/wingpare/public_html/index.php(17): require('/home/wingpare/...')
#8 {main}
  thrown

2018-09-06T01:36:01-04:00 CRITICAL Uncaught Error: Cannot use string offset as an array in /home/wingpare/public_html/wp-content/themes/template/functions.php:378
Stack trace:
#0 /home/wingpare/public_html/wp-includes/class-wp-hook.php(286): process_post('')
#1 /home/wingpare/public_html/wp-includes/class-wp-hook.php(310): WP_Hook->apply_filters(NULL, Array)
#2 /home/wingpare/public_html/wp-includes/plugin.php(453): WP_Hook->do_action(Array)
#3 /home/wingpare/public_html/wp-settings.php(450): do_action('init')
#4 /home/wingpare/public_html/wp-config.php(89): require_once('/home/wingpare/...')
#5 /home/wingpare/public_html/wp-load.php(37): require_once('/home/wingpare/...')
#6 /home/wingpare/public_html/wp-blog-header.php(13): require_once('/home/wingpare/...')
#7 /home/wingpare/public_html/index.php(17): require('/home/wingpare/...')
#8 {main}
  thrown

2018-09-06T01:36:03-04:00 CRITICAL Uncaught Error: Cannot use string offset as an array in /home/wingpare/public_html/wp-content/themes/template/functions.php:378
Stack trace:
#0 /home/wingpare/public_html/wp-includes/class-wp-hook.php(286): process_post('')
#1 /home/wingpare/public_html/wp-includes/class-wp-hook.php(310): WP_Hook->apply_filters(NULL, Array)
#2 /home/wingpare/public_html/wp-includes/plugin.php(453): WP_Hook->do_action(Array)
#3 /home/wingpare/public_html/wp-settings.php(450): do_action('init')
#4 /home/wingpare/public_html/wp-config.php(89): require_once('/home/wingpare/...')
#5 /home/wingpare/public_html/wp-load.php(37): require_once('/home/wingpare/...')
#6 /home/wingpare/public_html/wp-blog-header.php(13): require_once('/home/wingpare/...')
#7 /home/wingpare/public_html/index.php(17): require('/home/wingpare/...')
#8 {main}
  thrown

2018-09-06T01:36:06-04:00 CRITICAL Uncaught Error: Cannot use string offset as an array in /home/wingpare/public_html/wp-content/themes/template/functions.php:378
Stack trace:
#0 /home/wingpare/public_html/wp-includes/class-wp-hook.php(286): process_post('')
#1 /home/wingpare/public_html/wp-includes/class-wp-hook.php(310): WP_Hook->apply_filters(NULL, Array)
#2 /home/wingpare/public_html/wp-includes/plugin.php(453): WP_Hook->do_action(Array)
#3 /home/wingpare/public_html/wp-settings.php(450): do_action('init')
#4 /home/wingpare/public_html/wp-config.php(89): require_once('/home/wingpare/...')
#5 /home/wingpare/public_html/wp-load.php(37): require_once('/home/wingpare/...')
#6 /home/wingpare/public_html/wp-blog-header.php(13): require_once('/home/wingpare/...')
#7 /home/wingpare/public_html/index.php(17): require('/home/wingpare/...')
#8 {main}
  thrown

2018-09-06T01:36:22-04:00 CRITICAL Uncaught Error: Cannot use string offset as an array in /home/wingpare/public_html/wp-content/themes/template/functions.php:378
Stack trace:
#0 /home/wingpare/public_html/wp-includes/class-wp-hook.php(286): process_post('')
#1 /home/wingpare/public_html/wp-includes/class-wp-hook.php(310): WP_Hook->apply_filters(NULL, Array)
#2 /home/wingpare/public_html/wp-includes/plugin.php(453): WP_Hook->do_action(Array)
#3 /home/wingpare/public_html/wp-settings.php(450): do_action('init')
#4 /home/wingpare/public_html/wp-config.php(89): require_once('/home/wingpare/...')
#5 /home/wingpare/public_html/wp-load.php(37): require_once('/home/wingpare/...')
#6 /home/wingpare/public_html/wp-admin/admin-ajax.php(22): require_once('/home/wingpare/...')
#7 {main}
  thrown

2018-09-06T01:36:33-04:00 CRITICAL Uncaught Error: Cannot use string offset as an array in /home/wingpare/public_html/wp-content/themes/template/functions.php:378
Stack trace:
#0 /home/wingpare/public_html/wp-includes/class-wp-hook.php(286): process_post('')
#1 /home/wingpare/public_html/wp-includes/class-wp-hook.php(310): WP_Hook->apply_filters(NULL, Array)
#2 /home/wingpare/public_html/wp-includes/plugin.php(453): WP_Hook->do_action(Array)
#3 /home/wingpare/public_html/wp-settings.php(450): do_action('init')
#4 /home/wingpare/public_html/wp-config.php(89): require_once('/home/wingpare/...')
#5 /home/wingpare/public_html/wp-load.php(37): require_once('/home/wingpare/...')
#6 /home/wingpare/public_html/wp-blog-header.php(13): require_once('/home/wingpare/...')
#7 /home/wingpare/public_html/index.php(17): require('/home/wingpare/...')
#8 {main}
  thrown

2018-09-06T01:36:44-04:00 CRITICAL Uncaught Error: Cannot use string offset as an array in /home/wingpare/public_html/wp-content/themes/template/functions.php:378
Stack trace:
#0 /home/wingpare/public_html/wp-includes/class-wp-hook.php(286): process_post('')
#1 /home/wingpare/public_html/wp-includes/class-wp-hook.php(310): WP_Hook->apply_filters(NULL, Array)
#2 /home/wingpare/public_html/wp-includes/plugin.php(453): WP_Hook->do_action(Array)
#3 /home/wingpare/public_html/wp-settings.php(450): do_action('init')
#4 /home/wingpare/public_html/wp-config.php(89): require_once('/home/wingpare/...')
#5 /home/wingpare/public_html/wp-load.php(37): require_once('/home/wingpare/...')
#6 /home/wingpare/public_html/wp-admin/admin-ajax.php(22): require_once('/home/wingpare/...')
#7 {main}
  thrown

2018-09-06T01:36:59-04:00 CRITICAL Uncaught Error: Cannot use string offset as an array in /home/wingpare/public_html/wp-content/themes/template/functions.php:378
Stack trace:
#0 /home/wingpare/public_html/wp-includes/class-wp-hook.php(286): process_post('')
#1 /home/wingpare/public_html/wp-includes/class-wp-hook.php(310): WP_Hook->apply_filters(NULL, Array)
#2 /home/wingpare/public_html/wp-includes/plugin.php(453): WP_Hook->do_action(Array)
#3 /home/wingpare/public_html/wp-settings.php(450): do_action('init')
#4 /home/wingpare/public_html/wp-config.php(89): require_once('/home/wingpare/...')
#5 /home/wingpare/public_html/wp-load.php(37): require_once('/home/wingpare/...')
#6 /home/wingpare/public_html/wp-blog-header.php(13): require_once('/home/wingpare/...')
#7 /home/wingpare/public_html/index.php(17): require('/home/wingpare/...')
#8 {main}
  thrown

2018-09-06T01:37:15-04:00 CRITICAL Uncaught Error: Cannot use string offset as an array in /home/wingpare/public_html/wp-content/themes/template/functions.php:379
Stack trace:
#0 /home/wingpare/public_html/wp-includes/class-wp-hook.php(286): process_post('')
#1 /home/wingpare/public_html/wp-includes/class-wp-hook.php(310): WP_Hook->apply_filters(NULL, Array)
#2 /home/wingpare/public_html/wp-includes/plugin.php(453): WP_Hook->do_action(Array)
#3 /home/wingpare/public_html/wp-settings.php(450): do_action('init')
#4 /home/wingpare/public_html/wp-config.php(89): require_once('/home/wingpare/...')
#5 /home/wingpare/public_html/wp-load.php(37): require_once('/home/wingpare/...')
#6 /home/wingpare/public_html/wp-blog-header.php(13): require_once('/home/wingpare/...')
#7 /home/wingpare/public_html/index.php(17): require('/home/wingpare/...')
#8 {main}
  thrown

2018-09-06T01:37:17-04:00 CRITICAL Uncaught Error: Cannot use string offset as an array in /home/wingpare/public_html/wp-content/themes/template/functions.php:379
Stack trace:
#0 /home/wingpare/public_html/wp-includes/class-wp-hook.php(286): process_post('')
#1 /home/wingpare/public_html/wp-includes/class-wp-hook.php(310): WP_Hook->apply_filters(NULL, Array)
#2 /home/wingpare/public_html/wp-includes/plugin.php(453): WP_Hook->do_action(Array)
#3 /home/wingpare/public_html/wp-settings.php(450): do_action('init')
#4 /home/wingpare/public_html/wp-config.php(89): require_once('/home/wingpare/...')
#5 /home/wingpare/public_html/wp-load.php(37): require_once('/home/wingpare/...')
#6 /home/wingpare/public_html/wp-blog-header.php(13): require_once('/home/wingpare/...')
#7 /home/wingpare/public_html/index.php(17): require('/home/wingpare/...')
#8 {main}
  thrown

2018-09-06T01:54:28-04:00 CRITICAL Uncaught Error: Cannot use string offset as an array in /home/wingpare/public_html/wp-content/themes/template/functions.php:378
Stack trace:
#0 /home/wingpare/public_html/wp-includes/class-wp-hook.php(286): process_post('')
#1 /home/wingpare/public_html/wp-includes/class-wp-hook.php(310): WP_Hook->apply_filters(NULL, Array)
#2 /home/wingpare/public_html/wp-includes/plugin.php(453): WP_Hook->do_action(Array)
#3 /home/wingpare/public_html/wp-settings.php(450): do_action('init')
#4 /home/wingpare/public_html/wp-config.php(89): require_once('/home/wingpare/...')
#5 /home/wingpare/public_html/wp-load.php(37): require_once('/home/wingpare/...')
#6 /home/wingpare/public_html/wp-blog-header.php(13): require_once('/home/wingpare/...')
#7 /home/wingpare/public_html/index.php(17): require('/home/wingpare/...')
#8 {main}
  thrown

2018-09-06T01:54:33-04:00 CRITICAL Uncaught Error: Cannot use string offset as an array in /home/wingpare/public_html/wp-content/themes/template/functions.php:378
Stack trace:
#0 /home/wingpare/public_html/wp-includes/class-wp-hook.php(286): process_post('')
#1 /home/wingpare/public_html/wp-includes/class-wp-hook.php(310): WP_Hook->apply_filters(NULL, Array)
#2 /home/wingpare/public_html/wp-includes/plugin.php(453): WP_Hook->do_action(Array)
#3 /home/wingpare/public_html/wp-settings.php(450): do_action('init')
#4 /home/wingpare/public_html/wp-config.php(89): require_once('/home/wingpare/...')
#5 /home/wingpare/public_html/wp-load.php(37): require_once('/home/wingpare/...')
#6 /home/wingpare/public_html/wp-blog-header.php(13): require_once('/home/wingpare/...')
#7 /home/wingpare/public_html/index.php(17): require('/home/wingpare/...')
#8 {main}
  thrown

